
Showing logs for build [32mcb-kubecd-environment-pr-191-16-7kw5m-1[0m stage [32mfrom-build-pack[0m and container [32mstep-credential-initializer-pqfj8[0m
{"level":"warn","ts":1585573728.924525,"logger":"fallback-logger","caller":"logging/config.go:69","msg":"Fetch GitHub commit ID from kodata failed: \"ref: refs/heads/0.8.0-**-support-backwards-incompats\" is not a valid GitHub commit ID"}
{"level":"info","ts":1585573728.9250245,"logger":"fallback-logger","caller":"creds-init/main.go:40","msg":"Credentials initialized."}

Showing logs for build [32mcb-kubecd-environment-pr-191-16-7kw5m-1[0m stage [32mfrom-build-pack[0m and container [32mstep-working-dir-initializer-dvmsc[0m
{"level":"warn","ts":1585573729.2993383,"logger":"fallback-logger","caller":"logging/config.go:69","msg":"Fetch GitHub commit ID from kodata failed: open /var/run/ko/HEAD: no such file or directory"}
{"level":"info","ts":1585573729.3009567,"logger":"fallback-logger","caller":"bash/main.go:64","msg":"Successfully executed command \"sh -c mkdir -p /workspace/source\"; output "}

Showing logs for build [32mcb-kubecd-environment-pr-191-16-7kw5m-1[0m stage [32mfrom-build-pack[0m and container [32mstep-place-tools[0m

Showing logs for build [32mcb-kubecd-environment-pr-191-16-7kw5m-1[0m stage [32mfrom-build-pack[0m and container [32mstep-git-source-cb-kubecd-environment-pr-191-16-7kw5m-77ccj[0m
{"level":"warn","ts":1585573733.52578,"logger":"fallback-logger","caller":"logging/config.go:69","msg":"Fetch GitHub commit ID from kodata failed: \"ref: refs/heads/0.8.0-**-support-backwards-incompats\" is not a valid GitHub commit ID"}
{"level":"info","ts":1585573734.7116811,"logger":"fallback-logger","caller":"git/git.go:103","msg":"Successfully cloned https://github.com/cb-kubecd/environment-pr-191-166-boot-vault-gke-staging.git @ master in path /workspace/source"}

Showing logs for build [32mcb-kubecd-environment-pr-191-16-7kw5m-1[0m stage [32mfrom-build-pack[0m and container [32mstep-git-merge[0m
Using SHAs from PULL_REFS=master:46cd82dc7a6062b4bca13fb3f23f3a05b99806d0,2:10be37dd0de8e2db6a9c3306713f50e576e61210
DEBUG: LC_ALL=C JX_LOG_LEVEL=error git fetch origin --unshallow 10be37dd0de8e2db6a9c3306713f50e576e61210: 46cd82dc7a6062b4bca13fb3f23f3a05b99806d0:
DEBUG: ran git fetch --unshallow origin 10be37dd0de8e2db6a9c3306713f50e576e61210: 46cd82dc7a6062b4bca13fb3f23f3a05b99806d0: in 
DEBUG: LC_ALL=C JX_LOG_LEVEL=error git branch
DEBUG: LC_ALL=C JX_LOG_LEVEL=error git checkout master
DEBUG: ran git checkout master in 
DEBUG: LC_ALL=C JX_LOG_LEVEL=error git reset --hard 46cd82dc7a6062b4bca13fb3f23f3a05b99806d0
DEBUG: ran git reset --hard 46cd82dc7a6062b4bca13fb3f23f3a05b99806d0 in 
DEBUG: LC_ALL=C JX_LOG_LEVEL=error git clean -fd .
DEBUG: ran clean --force -d . in 
DEBUG: LC_ALL=C JX_LOG_LEVEL=error git merge 10be37dd0de8e2db6a9c3306713f50e576e61210
DEBUG: ran git merge 10be37dd0de8e2db6a9c3306713f50e576e61210 in 
DEBUG: JX_LOG_LEVEL=error LC_ALL=C git log --format=%H%x1f%an%x1f%ae%x1f%cn%x1f%ce%x1f%s%n%b%x1e 46cd82dc7a6062b4bca13fb3f23f3a05b99806d0..HEAD
Merged SHA 10be37dd0de8e2db6a9c3306713f50e576e61210 with commit message 'chore: Promote bdd-sbhg-1585573265 to version 0.0.1' into base branch master

Showing logs for build [32mcb-kubecd-environment-pr-191-16-7kw5m-1[0m stage [32mfrom-build-pack[0m and container [32mstep-build-helm-build[0m
WARNING: No $CHART_REPOSITORY defined so using the default value of: http://jenkins-x-chartmuseum:8080
Adding missing Helm repo: storage.googleapis.com https://storage.googleapis.com/chartmuseum.jenkins-x.io
WARNING: No secrets found on "helm/repos" due: reading the secret "helm/repos" from vault: no secret "helm/repos" not found in vault
Read credentials for https://storage.googleapis.com/chartmuseum.jenkins-x.io from vault helm/repos
Successfully added Helm repository storage.googleapis.com.
Adding missing Helm repo: jenkins-x-chartmuseum http://jenkins-x-chartmuseum:8080
WARNING: No secrets found on "helm/repos" due: reading the secret "helm/repos" from vault: no secret "helm/repos" not found in vault
Read credentials for http://jenkins-x-chartmuseum:8080 from vault helm/repos
Successfully added Helm repository jenkins-x-chartmuseum.
WARNING: No $CHART_REPOSITORY defined so using the default value of: http://jenkins-x-chartmuseum:8080
Adding missing Helm repo: chartmuseum.jenkins-x.io http://chartmuseum.jenkins-x.io
WARNING: No secrets found on "helm/repos" due: reading the secret "helm/repos" from vault: no secret "helm/repos" not found in vault
Read credentials for http://chartmuseum.jenkins-x.io from vault helm/repos
Successfully added Helm repository chartmuseum.jenkins-x.io.
