
Showing logs for build [32mcb-kubecd-environment-pr-191-16-cclqm-1[0m stage [32mfrom-build-pack[0m and container [32mstep-credential-initializer-94qht[0m
{"level":"warn","ts":1585574782.0928183,"logger":"fallback-logger","caller":"logging/config.go:69","msg":"Fetch GitHub commit ID from kodata failed: \"ref: refs/heads/0.8.0-**-support-backwards-incompats\" is not a valid GitHub commit ID"}
{"level":"info","ts":1585574782.093573,"logger":"fallback-logger","caller":"creds-init/main.go:40","msg":"Credentials initialized."}

Showing logs for build [32mcb-kubecd-environment-pr-191-16-cclqm-1[0m stage [32mfrom-build-pack[0m and container [32mstep-working-dir-initializer-8z2wq[0m
{"level":"warn","ts":1585574783.617482,"logger":"fallback-logger","caller":"logging/config.go:69","msg":"Fetch GitHub commit ID from kodata failed: open /var/run/ko/HEAD: no such file or directory"}
{"level":"info","ts":1585574783.6190698,"logger":"fallback-logger","caller":"bash/main.go:64","msg":"Successfully executed command \"sh -c mkdir -p /workspace/source\"; output "}

Showing logs for build [32mcb-kubecd-environment-pr-191-16-cclqm-1[0m stage [32mfrom-build-pack[0m and container [32mstep-place-tools[0m

Showing logs for build [32mcb-kubecd-environment-pr-191-16-cclqm-1[0m stage [32mfrom-build-pack[0m and container [32mstep-git-source-cb-kubecd-environment-pr-191-16-cclqm-4sv8t[0m
{"level":"warn","ts":1585574787.9586163,"logger":"fallback-logger","caller":"logging/config.go:69","msg":"Fetch GitHub commit ID from kodata failed: \"ref: refs/heads/0.8.0-**-support-backwards-incompats\" is not a valid GitHub commit ID"}
{"level":"info","ts":1585574789.0950298,"logger":"fallback-logger","caller":"git/git.go:103","msg":"Successfully cloned https://github.com/cb-kubecd/environment-pr-191-166-boot-vault-gke-staging.git @ master in path /workspace/source"}

Showing logs for build [32mcb-kubecd-environment-pr-191-16-cclqm-1[0m stage [32mfrom-build-pack[0m and container [32mstep-git-merge[0m
Using SHAs from PULL_REFS=master:96b5cf47b13adf0d8f21402bd64839c30fb21cbf,3:dcfc6e5d06b778d0d76d07a438c404dfdd9ad8cd
DEBUG: LC_ALL=C JX_LOG_LEVEL=error git fetch origin --unshallow dcfc6e5d06b778d0d76d07a438c404dfdd9ad8cd: 96b5cf47b13adf0d8f21402bd64839c30fb21cbf:
DEBUG: ran git fetch --unshallow origin dcfc6e5d06b778d0d76d07a438c404dfdd9ad8cd: 96b5cf47b13adf0d8f21402bd64839c30fb21cbf: in 
DEBUG: LC_ALL=C JX_LOG_LEVEL=error git branch
DEBUG: JX_LOG_LEVEL=error LC_ALL=C git checkout master
DEBUG: ran git checkout master in 
DEBUG: LC_ALL=C JX_LOG_LEVEL=error git reset --hard 96b5cf47b13adf0d8f21402bd64839c30fb21cbf
DEBUG: ran git reset --hard 96b5cf47b13adf0d8f21402bd64839c30fb21cbf in 
DEBUG: JX_LOG_LEVEL=error LC_ALL=C git clean -fd .
DEBUG: ran clean --force -d . in 
DEBUG: LC_ALL=C JX_LOG_LEVEL=error git merge dcfc6e5d06b778d0d76d07a438c404dfdd9ad8cd
DEBUG: ran git merge dcfc6e5d06b778d0d76d07a438c404dfdd9ad8cd in 
DEBUG: LC_ALL=C JX_LOG_LEVEL=error git log --format=%H%x1f%an%x1f%ae%x1f%cn%x1f%ce%x1f%s%n%b%x1e 96b5cf47b13adf0d8f21402bd64839c30fb21cbf..HEAD
Merged SHA dcfc6e5d06b778d0d76d07a438c404dfdd9ad8cd with commit message 'chore: Promote bdd-nh-1585573265 to version 0.0.1' into base branch master

Showing logs for build [32mcb-kubecd-environment-pr-191-16-cclqm-1[0m stage [32mfrom-build-pack[0m and container [32mstep-build-helm-build[0m
WARNING: No $CHART_REPOSITORY defined so using the default value of: http://jenkins-x-chartmuseum:8080
Adding missing Helm repo: storage.googleapis.com https://storage.googleapis.com/chartmuseum.jenkins-x.io
WARNING: No secrets found on "helm/repos" due: reading the secret "helm/repos" from vault: no secret "helm/repos" not found in vault
Read credentials for https://storage.googleapis.com/chartmuseum.jenkins-x.io from vault helm/repos
Successfully added Helm repository storage.googleapis.com.
Adding missing Helm repo: jenkins-x-chartmuseum http://jenkins-x-chartmuseum:8080
WARNING: No secrets found on "helm/repos" due: reading the secret "helm/repos" from vault: no secret "helm/repos" not found in vault
Read credentials for http://jenkins-x-chartmuseum:8080 from vault helm/repos
Successfully added Helm repository jenkins-x-chartmuseum.
WARNING: No $CHART_REPOSITORY defined so using the default value of: http://jenkins-x-chartmuseum:8080
Adding missing Helm repo: chartmuseum.jenkins-x.io http://chartmuseum.jenkins-x.io
WARNING: No secrets found on "helm/repos" due: reading the secret "helm/repos" from vault: no secret "helm/repos" not found in vault
Read credentials for http://chartmuseum.jenkins-x.io from vault helm/repos
Successfully added Helm repository chartmuseum.jenkins-x.io.
